Started GET "/" for ::1 at 2019-09-27 11:34:11 -0400

PG::ConnectionBad - FATAL:  database "matchdog_development" does not exist
:

Started POST "/__better_errors/52e4455208d70744/variables" for ::1 at 2019-09-27 11:34:12 -0400
Started GET "/" for ::1 at 2019-09-27 11:41:04 -0400

PG::ConnectionBad - FATAL:  database "matchdog_development" does not exist
:

Started POST "/__better_errors/f366b5cfa98cc973/variables" for ::1 at 2019-09-27 11:41:04 -0400
Started GET "/" for ::1 at 2019-09-27 11:41:05 -0400

PG::ConnectionBad - FATAL:  database "matchdog_development" does not exist
:

Started POST "/__better_errors/c54d6ab851ec7076/variables" for ::1 at 2019-09-27 11:41:05 -0400
Started POST "/__better_errors/c54d6ab851ec7076/variables" for ::1 at 2019-09-27 11:41:13 -0400
Started POST "/__better_errors/c54d6ab851ec7076/variables" for ::1 at 2019-09-27 11:41:17 -0400
  [1m[35m (448.7ms)[0m  [1m[35mCREATE DATABASE "matchdog_development" ENCODING = 'unicode'[0m
  ↳ bin/rails:9
  [1m[35m (273.1ms)[0m  [1m[35mCREATE DATABASE "matchdog_test" ENCODING = 'unicode'[0m
  ↳ bin/rails:9
Started GET "/" for ::1 at 2019-09-27 11:42:48 -0400
Processing by StaticPagesController#root as HTML
Completed 406 Not Acceptable in 53ms (ActiveRecord: 0.0ms)



ActionController::UnknownFormat - StaticPagesController#root is missing a template for this request format and variant.

request.formats: ["text/html"]
request.variant: []

NOTE! For XHR/Ajax or API requests, this action would normally respond with 204 No Content: an empty white screen. Since you're loading it in a web browser, we assume that you expected to actually render a template, not nothing, so we're showing an error to be extra-clear. If you expect 204 No Content, carry on. That's what you'll get from an XHR or API request. Give it a shot.:

Started POST "/__better_errors/6c4b1208ab1edd36/variables" for ::1 at 2019-09-27 11:42:49 -0400
Started POST "/__better_errors/6c4b1208ab1edd36/variables" for ::1 at 2019-09-27 11:43:10 -0400
Started GET "/" for ::1 at 2019-09-27 11:57:58 -0400
Processing by StaticPagesController#root as HTML
  Rendering static_pages/root.html.erb within layouts/application
  Rendered static_pages/root.html.erb within layouts/application (1.3ms)
Completed 200 OK in 752ms (Views: 750.8ms | ActiveRecord: 0.0ms)


Started GET "/" for ::1 at 2019-09-27 12:05:18 -0400
Processing by StaticPagesController#root as HTML
  Rendering static_pages/root.html.erb within layouts/application
  Rendered static_pages/root.html.erb within layouts/application (0.2ms)
Completed 200 OK in 14ms (Views: 12.6ms | ActiveRecord: 0.0ms)


Started GET "/" for ::1 at 2019-09-27 12:09:09 -0400
Processing by StaticPagesController#root as HTML
  Rendering static_pages/root.html.erb within layouts/application
  Rendered static_pages/root.html.erb within layouts/application (0.3ms)
Completed 200 OK in 23ms (Views: 21.3ms | ActiveRecord: 0.0ms)


Started GET "/" for ::1 at 2019-09-27 12:15:03 -0400
Processing by StaticPagesController#root as HTML
  Rendering static_pages/root.html.erb within layouts/application
  Rendered static_pages/root.html.erb within layouts/application (0.3ms)
Completed 200 OK in 502ms (Views: 501.1ms | ActiveRecord: 0.0ms)


